<?xml version="1.0" encoding="UTF-8"?>
<!-- Generated by org.testng.reporters.JUnitXMLReporter -->
<testsuite ignored="0" hostname="DESKTOP-SAQ3NK6" failures="0" tests="1" name="Test-facebook" time="17.582" errors="0" timestamp="2021-08-08T00:03:26 IST">
  <testcase classname="com.selenium.testng.facebook" name="facebook1" time="5.199"/>
</testsuite> <!-- Test-facebook -->
