<?xml version="1.0" encoding="UTF-8"?>
<!-- Generated by org.testng.reporters.JUnitReportReporter -->
<testsuite hostname="DESKTOP-SAQ3NK6" failures="0" tests="1" name="com.selenium.testng.Instagram" time="5.975" errors="0" timestamp="2021-08-08T00:03:27 IST" skipped="0">
  <testcase classname="com.selenium.testng.Instagram" name="instagram" time="5.975"/>
  <system-out/>
</testsuite> <!-- com.selenium.testng.Instagram -->
