<?xml version="1.0" encoding="UTF-8"?>
<!-- Generated by org.testng.reporters.JUnitReportReporter -->
<testsuite hostname="DESKTOP-SAQ3NK6" failures="0" tests="1" name="com.selenium.testng.facebook" time="5.199" errors="0" timestamp="2021-08-08T00:03:27 IST" skipped="0">
  <testcase classname="com.selenium.testng.facebook" name="facebook1" time="5.199"/>
  <system-out/>
</testsuite> <!-- com.selenium.testng.facebook -->
